# JRE version: OpenJDK Runtime Environment (8.0_202) (build 1.8.0_202-release-1483-b49-5587405)
# Java VM: OpenJDK 64-Bit Server VM (25.202-b49-5587405 mixed mode linux-amd64 compressed oops)
Heap:
 PSYoungGen      total 585216K, used 0K [0x00000000d5580000, 0x0000000100000000, 0x0000000100000000)
  eden space 480256K, 0% used [0x00000000d5580000,0x00000000d5580000,0x00000000f2a80000)
  from space 104960K, 0% used [0x00000000f9180000,0x00000000f9180000,0x00000000ff800000)
  to   space 105472K, 0% used [0x00000000f2a80000,0x00000000f2a80000,0x00000000f9180000)
 ParOldGen       total 732160K, used 719176K [0x0000000080000000, 0x00000000acb00000, 0x00000000d5580000)
  object space 732160K, 98% used [0x0000000080000000,0x00000000abe52170,0x00000000acb00000)
 Metaspace       used 143094K, capacity 146796K, committed 147480K, reserved 1179648K
  class space    used 16773K, capacity 17556K, committed 17712K, reserved 1048576K
GC Heap History (10 events):
Event: 2972.527 GC heap after
Heap after GC invocations=40 (full 6):
 PSYoungGen      total 576512K, used 36899K [0x00000000d5580000, 0x00000000ff880000, 0x0000000100000000)
  eden space 468992K, 0% used [0x00000000d5580000,0x00000000d5580000,0x00000000f1f80000)
  from space 107520K, 34% used [0x00000000f8f80000,0x00000000fb388c90,0x00000000ff880000)
  to   space 111104K, 0% used [0x00000000f1f80000,0x00000000f1f80000,0x00000000f8c00000)
 ParOldGen       total 732160K, used 552019K [0x0000000080000000, 0x00000000acb00000, 0x00000000d5580000)
  object space 732160K, 75% used [0x0000000080000000,0x00000000a1b14df0,0x00000000acb00000)
 Metaspace       used 130988K, capacity 134628K, committed 135320K, reserved 1167360K
  class space    used 15614K, capacity 16378K, committed 16560K, reserved 1048576K
}
Event: 3294.409 GC heap before
{Heap before GC invocations=41 (full 6):
 PSYoungGen      total 576512K, used 504062K [0x00000000d5580000, 0x00000000ff880000, 0x0000000100000000)
  eden space 468992K, 99% used [0x00000000d5580000,0x00000000f1db6cb8,0x00000000f1f80000)
  from space 107520K, 34% used [0x00000000f8f80000,0x00000000fb388c90,0x00000000ff880000)
  to   space 111104K, 0% used [0x00000000f1f80000,0x00000000f1f80000,0x00000000f8c00000)
 ParOldGen       total 732160K, used 552019K [0x0000000080000000, 0x00000000acb00000, 0x00000000d5580000)
  object space 732160K, 75% used [0x0000000080000000,0x00000000a1b14df0,0x00000000acb00000)
 Metaspace       used 131302K, capacity 134882K, committed 135576K, reserved 1169408K
  class space    used 15621K, capacity 16387K, committed 16560K, reserved 1048576K
Event: 3294.486 GC heap after
Heap after GC invocations=41 (full 6):
 PSYoungGen      total 580096K, used 33844K [0x00000000d5580000, 0x00000000ffc80000, 0x0000000100000000)
  eden space 468992K, 0% used [0x00000000d5580000,0x00000000d5580000,0x00000000f1f80000)
  from space 111104K, 30% used [0x00000000f1f80000,0x00000000f408d2b0,0x00000000f8c00000)
  to   space 107520K, 0% used [0x00000000f9380000,0x00000000f9380000,0x00000000ffc80000)
 ParOldGen       total 732160K, used 564345K [0x0000000080000000, 0x00000000acb00000, 0x00000000d5580000)
  object space 732160K, 77% used [0x0000000080000000,0x00000000a271e760,0x00000000acb00000)
 Metaspace       used 131302K, capacity 134882K, committed 135576K, reserved 1169408K
  class space    used 15621K, capacity 16387K, committed 16560K, reserved 1048576K
}
Event: 3298.690 GC heap before
{Heap before GC invocations=42 (full 6):
 PSYoungGen      total 580096K, used 502836K [0x00000000d5580000, 0x00000000ffc80000, 0x0000000100000000)
  eden space 468992K, 100% used [0x00000000d5580000,0x00000000f1f80000,0x00000000f1f80000)
  from space 111104K, 30% used [0x00000000f1f80000,0x00000000f408d2b0,0x00000000f8c00000)
  to   space 107520K, 0% used [0x00000000f9380000,0x00000000f9380000,0x00000000ffc80000)
 ParOldGen       total 732160K, used 564345K [0x0000000080000000, 0x00000000acb00000, 0x00000000d5580000)
  object space 732160K, 77% used [0x0000000080000000,0x00000000a271e760,0x00000000acb00000)
 Metaspace       used 134222K, capacity 137972K, committed 138520K, reserved 1171456K
  class space    used 15978K, capacity 16752K, committed 16944K, reserved 1048576K
Event: 3298.774 GC heap after
Heap after GC invocations=42 (full 6):
 PSYoungGen      total 584704K, used 72655K [0x00000000d5580000, 0x0000000100000000, 0x0000000100000000)
  eden space 477184K, 0% used [0x00000000d5580000,0x00000000d5580000,0x00000000f2780000)
  from space 107520K, 67% used [0x00000000f9380000,0x00000000fda73c88,0x00000000ffc80000)
  to   space 110592K, 0% used [0x00000000f2780000,0x00000000f2780000,0x00000000f9380000)
 ParOldGen       total 732160K, used 571358K [0x0000000080000000, 0x00000000acb00000, 0x00000000d5580000)
  object space 732160K, 78% used [0x0000000080000000,0x00000000a2df7b08,0x00000000acb00000)
 Metaspace       used 134222K, capacity 137972K, committed 138520K, reserved 1171456K
  class space    used 15978K, capacity 16752K, committed 16944K, reserved 1048576K
}
Event: 3302.569 GC heap before
{Heap before GC invocations=43 (full 6):
 PSYoungGen      total 584704K, used 549839K [0x00000000d5580000, 0x0000000100000000, 0x0000000100000000)
  eden space 477184K, 100% used [0x00000000d5580000,0x00000000f2780000,0x00000000f2780000)
  from space 107520K, 67% used [0x00000000f9380000,0x00000000fda73c88,0x00000000ffc80000)
  to   space 110592K, 0% used [0x00000000f2780000,0x00000000f2780000,0x00000000f9380000)
 ParOldGen       total 732160K, used 571358K [0x0000000080000000, 0x00000000acb00000, 0x00000000d5580000)
  object space 732160K, 78% used [0x0000000080000000,0x00000000a2df7b08,0x00000000acb00000)
 Metaspace       used 142987K, capacity 146732K, committed 147224K, reserved 1179648K
  class space    used 16772K, capacity 17556K, committed 17712K, reserved 1048576K
Event: 3302.885 GC heap after
Heap after GC invocations=43 (full 6):
 PSYoungGen      total 527360K, used 49833K [0x00000000d5580000, 0x00000000ff800000, 0x0000000100000000)
  eden space 477184K, 0% used [0x00000000d5580000,0x00000000d5580000,0x00000000f2780000)
  from space 50176K, 99% used [0x00000000f2780000,0x00000000f582a7d0,0x00000000f5880000)
  to   space 104960K, 0% used [0x00000000f9180000,0x00000000f9180000,0x00000000ff800000)
 ParOldGen       total 732160K, used 630985K [0x0000000080000000, 0x00000000acb00000, 0x00000000d5580000)
  object space 732160K, 86% used [0x0000000080000000,0x00000000a6832798,0x00000000acb00000)
 Metaspace       used 142987K, capacity 146732K, committed 147224K, reserved 1179648K
  class space    used 16772K, capacity 17556K, committed 17712K, reserved 1048576K
}
Event: 3305.065 GC heap before
{Heap before GC invocations=44 (full 6):
 PSYoungGen      total 527360K, used 527017K [0x00000000d5580000, 0x00000000ff800000, 0x0000000100000000)
  eden space 477184K, 100% used [0x00000000d5580000,0x00000000f2780000,0x00000000f2780000)
  from space 50176K, 99% used [0x00000000f2780000,0x00000000f582a7d0,0x00000000f5880000)
  to   space 104960K, 0% used [0x00000000f9180000,0x00000000f9180000,0x00000000ff800000)
 ParOldGen       total 732160K, used 630985K [0x0000000080000000, 0x00000000acb00000, 0x00000000d5580000)
  object space 732160K, 86% used [0x0000000080000000,0x00000000a6832798,0x00000000acb00000)
 Metaspace       used 143094K, capacity 146796K, committed 147480K, reserved 1179648K
  class space    used 16773K, capacity 17556K, committed 17712K, reserved 1048576K
Event: 3305.186 GC heap after
Heap after GC invocations=44 (full 6):
 PSYoungGen      total 585216K, used 65965K [0x00000000d5580000, 0x0000000100000000, 0x0000000100000000)
  eden space 480256K, 0% used [0x00000000d5580000,0x00000000d5580000,0x00000000f2a80000)
  from space 104960K, 62% used [0x00000000f9180000,0x00000000fd1eb690,0x00000000ff800000)
  to   space 105472K, 0% used [0x00000000f2a80000,0x00000000f2a80000,0x00000000f9180000)
 ParOldGen       total 732160K, used 673429K [0x0000000080000000, 0x00000000acb00000, 0x00000000d5580000)
  object space 732160K, 91% used [0x0000000080000000,0x00000000a91a5480,0x00000000acb00000)
 Metaspace       used 143094K, capacity 146796K, committed 147480K, reserved 1179648K
  class space    used 16773K, capacity 17556K, committed 17712K, reserved 1048576K
}
Event: 3305.196 GC heap before
{Heap before GC invocations=45 (full 7):
 PSYoungGen      total 585216K, used 65965K [0x00000000d5580000, 0x0000000100000000, 0x0000000100000000)
  eden space 480256K, 0% used [0x00000000d5580000,0x00000000d5580000,0x00000000f2a80000)
  from space 104960K, 62% used [0x00000000f9180000,0x00000000fd1eb690,0x00000000ff800000)
  to   space 105472K, 0% used [0x00000000f2a80000,0x00000000f2a80000,0x00000000f9180000)
 ParOldGen       total 732160K, used 673429K [0x0000000080000000, 0x00000000acb00000, 0x00000000d5580000)
  object space 732160K, 91% used [0x0000000080000000,0x00000000a91a5480,0x00000000acb00000)
 Metaspace       used 143094K, capacity 146796K, committed 147480K, reserved 1179648K
  class space    used 16773K, capacity 17556K, committed 17712K, reserved 1048576K

